app/build/outputs/mapping/release/usage.txt
app.netlify.neon_monstera_896f5e.twa.R$attr
app.netlify.neon_monstera_896f5e.twa.R$xml
app.netlify.neon_monstera_896f5e.twa.R$drawable
app.netlify.neon_monstera_896f5e.twa.R
app.netlify.neon_monstera_896f5e.twa.R$style
app.netlify.neon_monstera_896f5e.twa.R$layout
app.netlify.neon_monstera_896f5e.twa.R$id
app.netlify.neon_monstera_896f5e.twa.R$dimen
app.netlify.neon_monstera_896f5e.twa.R$integer
app.netlify.neon_monstera_896f5e.twa.BuildConfig
app.netlify.neon_monstera_896f5e.twa.R$color
app.netlify.neon_monstera_896f5e.twa.R$styleable
app.netlify.neon_monstera_896f5e.twa.R$string
app.netlify.neon_monstera_896f5e.twa.R$mipmap
app.netlify.neon_monstera_896f5e.twa.R$bool
app.netlify.neon_monstera_896f5e.twa.R$raw
...
androidx.browser.trusted.sharing.ShareTarget$FileFormField:
    static androidx.browser.trusted.sharing.ShareTarget$FileFormField fromBundle(android.os.Bundle)
    public static final java.lang.String KEY_NAME
    public static final java.lang.String KEY_ACCEPTED_TYPES
androidx.annotation.PluralsRes
androidx.core.view.ViewPropertyAnimatorCompat$2
androidx.core.content.pm.ShortcutManagerCompat$1
androidx.core.app.JobIntentService$CompatWorkItem
androidx.core.text.TextDirectionHeuristicsCompat
android.support.customtabs.ICustomTabsService$Default
androidx.annotation.Nullable
androidx.browser.trusted.TrustedWebActivityServiceConnectionPool$BindToServiceAsyncTask
androidx.browser.trusted.ScreenOrientation
androidx.core.graphics.drawable.DrawableCompat:
    public static void jumpToCurrentState(android.graphics.drawable.Drawable)
    public static void setAutoMirrored(android.graphics.drawable.Drawable,boolean)
    public static boolean isAutoMirrored(android.graphics.drawable.Drawable)
    public static void setHotspot(android.graphics.drawable.Drawable,float,float)
    public static void setHotspotBounds(android.graphics.drawable.Drawable,int,int,int,int)
    public static void setTint(android.graphics.drawable.Drawable,int)
    public static void setTintList(android.graphics.drawable.Drawable,android.content.res.ColorStateList)
    public static void setTintMode(android.graphics.drawable.Drawable,android.graphics.PorterDuff$Mode)
    public static int getAlpha(android.graphics.drawable.Drawable)
    public static void applyTheme(android.graphics.drawable.Drawable,android.content.res.Resources$Theme)
    public static boolean canApplyTheme(android.graphics.drawable.Drawable)
    public static android.graphics.ColorFilter getColorFilter(android.graphics.drawable.Drawable)
    public static void clearColorFilter(android.graphics.drawable.Drawable)
    public static void inflate(android.graphics.drawable.Drawable,android.content.res.Resources,org.xmlpull.v1.XmlPullParser,android.util.AttributeSet,android.content.res.Resources$Theme)
    public static android.graphics.drawable.Drawable unwrap(android.graphics.drawable.Drawable)
androidx.core.content.res.ResourcesCompat$FontCallback$1
androidx.core.content.res.ResourcesCompat$FontCallback
com.google.androidbrowserhelper.trusted.ExtraCommandHandler:
    public static final java.lang.String EXTRA_COMMAND_SUCCESS
com.google.androidbrowserhelper.trusted.QualityEnforcer:
    void <init>(com.google.androidbrowserhelper.trusted.QualityEnforcer$Delegate)
    private static final java.lang.String TAG
    static final java.lang.String CRASH
    static final java.lang.String KEY_CRASH_REASON
    static final java.lang.String KEY_SUCCESS
androidx.arch.core.internal.SafeIterableMap$ListIterator
androidx.browser.customtabs.TrustedWebUtils:
    private void <init>()
    public static void launchBrowserSiteSettings(android.content.Context,androidx.browser.customtabs.CustomTabsSession,android.net.Uri)
    public static void launchAsTrustedWebActivity(android.content.Context,androidx.browser.customtabs.CustomTabsIntent,android.net.Uri)
    public static final java.lang.String EXTRA_LAUNCH_AS_TRUSTED_WEB_ACTIVITY
    public static final java.lang.String ACTION_MANAGE_TRUSTED_WEB_ACTIVITY_DATA
com.google.androidbrowserhelper.R$styleable
androidx.core.internal.package-info
androidx.concurrent.futures.AbstractResolvableFuture$Failure
androidx.core.provider.FontsContractCompat
androidx.core.widget.AutoScrollHelper$ScrollAnimationRunnable
androidx.core.view.accessibility.AccessibilityViewCommand$CommandArguments
androidx.annotation.AttrRes
androidx.core.content.pm.ActivityInfoCompat
androidx.core.view.GestureDetectorCompat
androidx.core.app.Person
androidx.browser.trusted.Token:
    private static final java.lang.String TAG
androidx.concurrent.futures.ResolvableFuture
androidx.core.util.TimeUtils
androidx.core.app.AppOpsManagerCompat
androidx.annotation.ArrayRes
androidx.annotation.StyleRes